[32minfo[39m: Request is received id fa25e80c-edc1-45e0-b4b9-87554afa1821 received at Mon May 20 2024 21:01:22 GMT+0530 (India Standard Time) Method: POST
[31merror[39m: Error while request method: POST
[32minfo[39m: Request is finished
[32minfo[39m: Request is received id 3e8c30fb-3b77-4a8d-a3e5-693034fe7186 received at Mon May 20 2024 21:01:33 GMT+0530 (India Standard Time) Method: POST
[32minfo[39m: Request is finished
[32minfo[39m: Request is received id 53d69f9a-2121-403c-9236-a0c10f18b37e received at Mon May 20 2024 21:05:28 GMT+0530 (India Standard Time) Method: POST
[31merror[39m: Error while request method: POST
[32minfo[39m: Request is finished
[32minfo[39m: Request is received id c7c5d1b3-b2e1-434a-b001-38b75efd069d received at Mon May 20 2024 21:05:34 GMT+0530 (India Standard Time) Method: POST
[32minfo[39m: Request is finished
[32minfo[39m: Request is received id b58f5824-5e92-40e1-b46b-5fe3b767be10 received at Mon May 20 2024 21:08:58 GMT+0530 (India Standard Time) Method: POST
[31merror[39m: Error while request method: POST
[32minfo[39m: Request is finished
[32minfo[39m: Request is received id 294e85fe-da4f-4e8a-90e2-6548f6b709ff received at Mon May 20 2024 21:09:03 GMT+0530 (India Standard Time) Method: POST
[31merror[39m: Error while request method: POST
[32minfo[39m: Request is finished
[32minfo[39m: Request is received id 755b331d-4f9e-4228-8d08-b5ab8a1be947 received at Mon May 20 2024 21:09:16 GMT+0530 (India Standard Time) Method: POST
[31merror[39m: Error while request method: POST
[32minfo[39m: Request is finished
[32minfo[39m: Request is received id fc1097c2-23ec-43d3-a190-4c52acd03ed5 received at Mon May 20 2024 21:11:05 GMT+0530 (India Standard Time) Method: POST
[31merror[39m: Error while request method: POST
[32minfo[39m: Request is finished
[32minfo[39m: Request is received id 9104fc7b-a538-4038-bf0a-8069d0a12464 received at Mon May 20 2024 21:12:39 GMT+0530 (India Standard Time) Method: POST
[31merror[39m: Error while request method: POST
[32minfo[39m: Request is finished
[32minfo[39m: Request is received id b3b17f94-5c14-46ac-bd8a-8cd29b34cb89 received at Mon May 20 2024 21:15:46 GMT+0530 (India Standard Time) Method: POST
[31merror[39m: Error while request method: POST
[32minfo[39m: Request is finished
[32minfo[39m: Request is received id 6921a9c8-1227-40bb-9717-4e25d8cf6f4d received at Mon May 20 2024 21:15:55 GMT+0530 (India Standard Time) Method: POST
[31merror[39m: Error while request method: POST
[32minfo[39m: Request is finished
[32minfo[39m: Request is received id 532b4429-afdb-4299-9f3f-f054d1e2c1fc received at Mon May 20 2024 21:16:05 GMT+0530 (India Standard Time) Method: POST
[31merror[39m: Error while request method: POST
[32minfo[39m: Request is finished
[32minfo[39m: Request is received id d8db374c-b70d-4561-b73e-7239934e72c9 received at Mon May 20 2024 21:16:26 GMT+0530 (India Standard Time) Method: POST
[31merror[39m: Error while request method: POST
[32minfo[39m: Request is finished
[32minfo[39m: Request is received id 346e706e-13df-44a8-b78b-87be31107cb2 received at Mon May 20 2024 21:16:32 GMT+0530 (India Standard Time) Method: POST
[31merror[39m: Error while request method: POST
[32minfo[39m: Request is finished
[32minfo[39m: Request is received id d3fc2b92-c983-4dc9-976f-9d8774cad1f6 received at Mon May 20 2024 21:18:37 GMT+0530 (India Standard Time) Method: POST
[31merror[39m: Error while request method: POST
[32minfo[39m: Request is finished
[32minfo[39m: Request is received id 816fcf92-1ec1-4799-9bcd-5b69ae9933e3 received at Mon May 20 2024 21:19:06 GMT+0530 (India Standard Time) Method: POST
[31merror[39m: Error while request method: POST
[32minfo[39m: Request is finished
[32minfo[39m: Request is received id 816cda1f-bc19-40fc-9bda-a9974962cb8d received at Mon May 20 2024 21:19:18 GMT+0530 (India Standard Time) Method: POST
[31merror[39m: Error while request method: POST
[32minfo[39m: Request is finished
[32minfo[39m: Request is received id 062bfba2-aa0f-439c-a808-c53a85dc0fef received at Mon May 20 2024 21:21:36 GMT+0530 (India Standard Time) Method: POST
[31merror[39m: Error while request method: POST
[32minfo[39m: Request is finished
[32minfo[39m: Request is received id 401191ef-b47a-4072-b8dc-f7d48ba88472 received at Mon May 20 2024 21:21:46 GMT+0530 (India Standard Time) Method: POST
[31merror[39m: Error while request method: POST
[32minfo[39m: Request is finished
[32minfo[39m: Request is received id 5b525cb0-5c88-429b-9e97-ab3d20aed55f received at Mon May 20 2024 21:23:10 GMT+0530 (India Standard Time) Method: POST
[31merror[39m: Error while request method: POST
[32minfo[39m: Request is finished
[32minfo[39m: Request is received id 157183b4-33d2-47c6-bb10-d6cef98b1b7b received at Mon May 20 2024 21:23:37 GMT+0530 (India Standard Time) Method: POST
[31merror[39m: Error while request method: POST
[32minfo[39m: Request is finished
[32minfo[39m: Request is received id b39646a0-5ea1-43e1-97a2-a583561361e6 received at Mon May 20 2024 21:24:34 GMT+0530 (India Standard Time) Method: POST
[31merror[39m: Error while request method: POST
[32minfo[39m: Request is finished
[32minfo[39m: Request is received id 87b9c659-d8a6-4d65-815b-30058c5d2873 received at Mon May 20 2024 21:25:20 GMT+0530 (India Standard Time) Method: POST
[31merror[39m: Error while request method: POST
[32minfo[39m: Request is finished
[32minfo[39m: Request is received id 488fa641-6b4f-4710-9354-33eeff5d0c55 received at Mon May 20 2024 21:30:00 GMT+0530 (India Standard Time) Method: POST
[31merror[39m: Error while request method: POST
[32minfo[39m: Request is finished
[32minfo[39m: Request is received id 81543a70-cb20-4986-89e9-958c4f78cd0a received at Mon May 20 2024 21:30:10 GMT+0530 (India Standard Time) Method: POST
[31merror[39m: Error while request method: POST
[32minfo[39m: Request is finished
[32minfo[39m: Request is received id 19addd15-5565-40e3-9788-b5608e49fc21 received at Mon May 20 2024 21:30:20 GMT+0530 (India Standard Time) Method: POST
[32minfo[39m: Request is finished
[32minfo[39m: Request is received id 2da85126-7a6d-4116-b2d5-fdfb4b46e0bb received at Mon May 20 2024 21:47:03 GMT+0530 (India Standard Time) Method: POST
[31merror[39m: Error while request method: POST
[32minfo[39m: Request is finished
[32minfo[39m: Request is received id c27ba181-0c72-45b1-a62d-a90b17666c1c received at Mon May 20 2024 21:47:24 GMT+0530 (India Standard Time) Method: POST
[31merror[39m: Error while request method: POST
[32minfo[39m: Request is finished
[32minfo[39m: Request is received id 6f0b7997-9346-4148-b79f-27c21ab39ff6 received at Mon May 20 2024 21:47:34 GMT+0530 (India Standard Time) Method: POST
[31merror[39m: Error while request method: POST
[32minfo[39m: Request is finished
[32minfo[39m: Request is received id 2ae8b30c-9562-4ca7-ac39-b343b88eee5e received at Mon May 20 2024 21:47:43 GMT+0530 (India Standard Time) Method: POST
[31merror[39m: Error while request method: POST
[32minfo[39m: Request is finished
[32minfo[39m: Request is received id e3085f7d-e10b-43d0-8782-336dd66304b6 received at Mon May 20 2024 21:48:17 GMT+0530 (India Standard Time) Method: POST
[31merror[39m: Error while request method: POST
[32minfo[39m: Request is finished
[32minfo[39m: Request is received id c2332c46-6c24-4811-8818-0af5ffb3d50d received at Mon May 20 2024 21:49:07 GMT+0530 (India Standard Time) Method: POST
[31merror[39m: Error while request method: POST
[32minfo[39m: Request is finished
[32minfo[39m: Request is received id 1d37b2ca-be1d-4e8e-951e-fc9701503570 received at Mon May 20 2024 21:49:20 GMT+0530 (India Standard Time) Method: POST
[31merror[39m: Error while request method: POST
[32minfo[39m: Request is finished
[32minfo[39m: Request is received id 6e98f687-5ba6-48c9-9295-c5e2009a123f received at Mon May 20 2024 21:49:54 GMT+0530 (India Standard Time) Method: POST
[31merror[39m: Error while request method: POST
[32minfo[39m: Request is finished
[32minfo[39m: Request is received id 4030397e-0a90-460a-bde4-093d03137ee9 received at Mon May 20 2024 21:52:49 GMT+0530 (India Standard Time) Method: POST
[31merror[39m: Error while request method: POST
[32minfo[39m: Request is finished
[32minfo[39m: Request is received id 4ebfffa4-cf4c-48a8-b858-c5d6da0d87db received at Mon May 20 2024 21:53:04 GMT+0530 (India Standard Time) Method: POST
[31merror[39m: Error while request method: POST
[32minfo[39m: Request is finished
[32minfo[39m: Request is received id dc86232c-11f2-43f5-8a5f-7f1a0f4d4885 received at Mon May 20 2024 21:53:34 GMT+0530 (India Standard Time) Method: POST
[32minfo[39m: Request is finished
[32minfo[39m: Request is received id 7cba1cdd-7466-49f1-a782-1638d4156aaa received at Mon May 20 2024 21:54:00 GMT+0530 (India Standard Time) Method: POST
[31merror[39m: Error while request method: POST
[32minfo[39m: Request is finished
[32minfo[39m: Request is received id 5b5c515e-002a-4acc-8d61-e4c2d6439db0 received at Mon May 20 2024 21:54:08 GMT+0530 (India Standard Time) Method: POST
[32minfo[39m: Request is finished
[32minfo[39m: Request is received id f3e71d61-6882-44e7-bf43-8b0484b4af51 received at Mon May 20 2024 21:54:29 GMT+0530 (India Standard Time) Method: POST
[31merror[39m: Error while request method: POST
[32minfo[39m: Request is finished
[32minfo[39m: Request is received id c95c4c0e-490d-4249-bf9d-251050f62c68 received at Mon May 20 2024 21:54:35 GMT+0530 (India Standard Time) Method: POST
[32minfo[39m: Request is finished
[32minfo[39m: Request is received id f385527d-03f6-49c4-a63d-7d25984d397e received at Mon May 20 2024 21:55:05 GMT+0530 (India Standard Time) Method: GET
[32minfo[39m: Request is finished
[32minfo[39m: Request is received id 177bce58-9a04-4eeb-b481-04d96b5681e6 received at Mon May 20 2024 21:55:23 GMT+0530 (India Standard Time) Method: GET
[31merror[39m: Error while request method: GET
[32minfo[39m: Request is finished
[32minfo[39m: Request is received id 4ce1abc5-0bd9-43ea-b080-52ae47a0bcbd received at Mon May 20 2024 21:55:36 GMT+0530 (India Standard Time) Method: POST
[32minfo[39m: Request is finished
[32minfo[39m: Request is received id 44e051f2-7943-41e9-8de0-afcfec444173 received at Mon May 20 2024 21:55:50 GMT+0530 (India Standard Time) Method: GET
[31merror[39m: Error while request method: GET
[32minfo[39m: Request is finished
[32minfo[39m: Request is received id 71bf278f-a8e8-4b34-a5b4-8be01a0c8817 received at Mon May 20 2024 21:56:07 GMT+0530 (India Standard Time) Method: GET
[31merror[39m: Error while request method: GET
[32minfo[39m: Request is finished
[32minfo[39m: Request is received id b8732d95-6048-42f0-9275-27a0ce955343 received at Mon May 20 2024 21:56:31 GMT+0530 (India Standard Time) Method: POST
[32minfo[39m: Request is finished
[32minfo[39m: Request is received id 49096f2c-eb71-4c28-bfac-37e6f96c9fdd received at Mon May 20 2024 21:56:50 GMT+0530 (India Standard Time) Method: GET
[31merror[39m: Error while request method: GET
[32minfo[39m: Request is finished
[32minfo[39m: Request is received id 281b88fa-5813-493f-9b04-3c9773bfc878 received at Mon May 20 2024 22:01:27 GMT+0530 (India Standard Time) Method: GET
[32minfo[39m: Request is finished
[32minfo[39m: Request is received id 4789e7aa-6c3a-4b13-84da-dedd4b307c70 received at Mon May 20 2024 22:01:46 GMT+0530 (India Standard Time) Method: POST
[32minfo[39m: Request is finished
[32minfo[39m: Request is received id 9cac66bd-5c34-4b38-bcfc-5a5d59e2e78e received at Mon May 20 2024 22:05:57 GMT+0530 (India Standard Time) Method: GET
[31merror[39m: Error while request method: GET
[32minfo[39m: Request is finished
[32minfo[39m: Request is received id dd7d6955-e65a-4054-9841-c360e620ebde received at Mon May 20 2024 22:06:04 GMT+0530 (India Standard Time) Method: GET
[32minfo[39m: Request is finished
[32minfo[39m: Request is received id 7671cb79-9a72-46b3-bcf1-09f899ecd88b received at Mon May 20 2024 22:06:21 GMT+0530 (India Standard Time) Method: GET
[31merror[39m: Error while request method: GET
[32minfo[39m: Request is finished
[32minfo[39m: Request is received id d4c317b8-316d-4331-b958-890ac8eacacb received at Mon May 20 2024 22:09:53 GMT+0530 (India Standard Time) Method: GET
[31merror[39m: Error while request method: GET
[32minfo[39m: Request is finished
[32minfo[39m: Request is received id 53717f65-2332-4fc6-9f0a-74c222b4bc88 received at Mon May 20 2024 22:09:56 GMT+0530 (India Standard Time) Method: GET
[31merror[39m: Error while request method: GET
[32minfo[39m: Request is finished
[32minfo[39m: Request is received id 86f0f1d0-c27a-48ad-82d3-bb4c28cef4b4 received at Mon May 20 2024 22:10:08 GMT+0530 (India Standard Time) Method: POST
[32minfo[39m: Request is finished
[32minfo[39m: Request is received id 9cd2c400-992a-4e68-bc8d-2f424bc82319 received at Mon May 20 2024 22:10:20 GMT+0530 (India Standard Time) Method: GET
[32minfo[39m: Request is finished
[32minfo[39m: Request is received id f14df0b5-ce8a-433f-989a-7af72e447cb0 received at Mon May 20 2024 22:11:00 GMT+0530 (India Standard Time) Method: GET
[32minfo[39m: Request is finished
[32minfo[39m: Request is received id 21eeb3b7-8f2e-4f05-aa61-f303808b5b90 received at Mon May 20 2024 22:11:42 GMT+0530 (India Standard Time) Method: DELETE
[32minfo[39m: Request is finished
[32minfo[39m: Request is received id b3ad0ac6-e521-4c50-97cd-b292f69e9987 received at Mon May 20 2024 22:12:00 GMT+0530 (India Standard Time) Method: DELETE
[31merror[39m: Error while request method: DELETE
[32minfo[39m: Request is finished
[32minfo[39m: Request is received id 0cf62955-28d0-4268-beaf-c53c9ee14efd received at Mon May 20 2024 22:12:13 GMT+0530 (India Standard Time) Method: DELETE
[32minfo[39m: Request is finished
[32minfo[39m: Request is received id 9af61a7d-b3bf-4193-bc0c-ffeda59a2678 received at Mon May 20 2024 22:12:20 GMT+0530 (India Standard Time) Method: DELETE
[31merror[39m: Error while request method: DELETE
[32minfo[39m: Request is finished
[32minfo[39m: Request is received id 3a9848d5-0607-4568-b4d7-6292a817db31 received at Mon May 20 2024 22:12:28 GMT+0530 (India Standard Time) Method: DELETE
[31merror[39m: Error while request method: DELETE
[32minfo[39m: Request is finished
[32minfo[39m: Request is received id 41e7344f-186b-47ab-8566-8b5c500d6fc2 received at Mon May 20 2024 22:16:06 GMT+0530 (India Standard Time) Method: DELETE
[31merror[39m: Error while request method: DELETE
[32minfo[39m: Request is finished
